"blank"			"=========================="
"blank"			"EXISTENCE"
"blank"			"=========================="
"+action"		"Special Move (Roll, Flip)"
"buy_primaryammo"	"Buy Primary Ammo"
"buy_secondaryammo"	"Buy Secondary Ammo"
"drop"			"Drop Weapon"
"chooseteam"		"Choose Team"
"radio"			"Radio Menu"
"+commandmenu"		"Command Menu / Help"
"blank"			"=========================="
"blank"			"#Valve_Movement_Title"
"blank"			"=========================="
"+forward"		"#Valve_Move_Forward"
"+back"			"#Valve_Move_Back"
"+moveleft"		"#Valve_Move_Left"
"+moveright"		"#Valve_Move_Right"
"+jump"			"#Valve_Jump"
"+duck"			"#Valve_Duck"
"+use"			"#Valve_Use_Items"
"blank"			"=========================="
"blank"			"#Valve_Communication_Title"
"blank"			"=========================="
"+voicerecord"		"#Valve_Use_Voice_Communication"
"messagemode"		"#Valve_Chat_Message"
"messagemode2"		"#Valve_Team_Message"
"blank"			"=========================="
"blank"			"#Valve_Combat_Title"
"blank"			"=========================="
"+attack"		"#Valve_Primary_Attack"
"+attack2"		"#Valve_Secondary_Attack"
"+reload"		"#Valve_Reload_Weapon"
"+speed"		"#Valve_Walk"
"impulse 100"		"#Valve_Flashlight"
"impulse 201"		"#Valve_Spray_Logo"
"slot1;phone-attack"			"Cell phone"
"slot2;normal-attack"			"Knife"
"slot3;normal-attack" 		"Secondary weapon"
"slot4;normal-attack"			"Primary weapon"
"slot5;normal-attack"			"Grenade"
"invprev"		"#Valve_Previous_Weapon"
"invnext"		"#Valve_Next_Weapon"
"lastinv;normal-attack"		"#Valve_Last_Weapon_Used"
"blank"			"=========================="
"blank"			"#Valve_Miscellaneous_Title"
"blank"			"=========================="
"+showscores"		"#Valve_Display_Scores"
"snapshot"		"#Valve_Take_Screen_Shot"
"quit"			"#Valve_Quit_Game"