[Header]
Signature=VISE
Version=0001
RemoveInUseFiles=0
RegistryKeyName=Existence Beta 1.4
Product Name=Existence Beta 1.4
[WinNT]
AdminPrivileges=1
[Directories2]
0=d:\sierra
count=68
1=d:\sierra\half-life
2=d:\sierra\half-life\existence
3=d:\sierra\half-life\existence\cl_dlls
4=d:\sierra\half-life\existence\classes
5=d:\sierra\half-life\existence\events
6=d:\sierra\half-life\existence\maps
7=d:\sierra\half-life\existence\sprites
8=d:\sierra\half-life\existence\overviews
9=d:\sierra\half-life\existence\sound
10=d:\sierra\half-life\existence\sound\AMBIENCE
11=d:\sierra\half-life\existence\sound\CIV
12=d:\sierra\half-life\existence\sound\ITEMS
13=d:\sierra\half-life\existence\sound\MISC
14=d:\sierra\half-life\existence\sound\OLDMAN
15=d:\sierra\half-life\existence\sound\PLATS
16=d:\sierra\half-life\existence\sound\PLAYER
17=d:\sierra\half-life\existence\sound\RADIO
18=d:\sierra\half-life\existence\sound\RADIO\accent_agent
19=d:\sierra\half-life\existence\sound\RADIO\confident_agent
20=d:\sierra\half-life\existence\sound\RADIO\crazy_agent
21=d:\sierra\half-life\existence\sound\RADIO\low_agent
22=d:\sierra\half-life\existence\sound\RADIO\MENDEZ
23=d:\sierra\half-life\existence\sound\RADIO\rebelfemale
24=d:\sierra\half-life\existence\sound\RADIO\WHITE
25=d:\sierra\half-life\existence\sound\VOX
26=d:\sierra\half-life\existence\sound\VOX\AGENT
27=d:\sierra\half-life\existence\sound\VOX\REBEL
28=d:\sierra\half-life\existence\sound\WEAPONS
29=d:\sierra\half-life\existence\sound\debris
30=d:\sierra\half-life\existence\sound\common
31=d:\sierra\half-life\existence\weapons
32=d:\sierra\half-life\existence\models
33=d:\sierra\half-life\existence\models\PLAYER
34=d:\sierra\half-life\existence\models\PLAYER\BACKMAN
35=d:\sierra\half-life\existence\models\PLAYER\CIV2
36=d:\sierra\half-life\existence\models\PLAYER\CIV3
37=d:\sierra\half-life\existence\models\PLAYER\CLARK
38=d:\sierra\half-life\existence\models\PLAYER\COOMBE
39=d:\sierra\half-life\existence\models\PLAYER\FREEMAN
40=d:\sierra\half-life\existence\models\PLAYER\JOHNSON
41=d:\sierra\half-life\existence\models\PLAYER\LEE
42=d:\sierra\half-life\existence\models\PLAYER\LEED
43=d:\sierra\half-life\existence\models\PLAYER\LLAMAS
44=d:\sierra\half-life\existence\models\PLAYER\MARTEL
45=d:\sierra\half-life\existence\models\PLAYER\MEADOWS
46=d:\sierra\half-life\existence\models\PLAYER\MENDEZ
47=d:\sierra\half-life\existence\models\PLAYER\PRESTON
48=d:\sierra\half-life\existence\models\PLAYER\SCORDO
49=d:\sierra\half-life\existence\models\PLAYER\SLIM
50=d:\sierra\half-life\existence\models\PLAYER\SWAT1
51=d:\sierra\half-life\existence\models\PLAYER\SWAT2
52=d:\sierra\half-life\existence\models\PLAYER\SWAT3
53=d:\sierra\half-life\existence\models\PLAYER\WHITE
54=d:\sierra\half-life\existence\media
55=d:\sierra\half-life\existence\gfx
56=d:\sierra\half-life\existence\gfx\ENV
57=d:\sierra\half-life\existence\gfx\SHELL
58=d:\sierra\half-life\existence\gfx\STATUS
59=d:\sierra\half-life\existence\gfx\VGUI
60=d:\sierra\half-life\existence\dlls
61=d:\sierra\half-life\existence\manual
62=d:\sierra\half-life\existence\manual\images
63=C:\Documents and Settings
64=C:\Documents and Settings\All Users
65=C:\Documents and Settings\All Users\Главное меню
66=C:\Documents and Settings\All Users\Главное меню\Программы
67=C:\Documents and Settings\All Users\Главное меню\Программы\Existence Beta 1.4
[Files]
count=804
0=d:\sierra\half-life\existence\1024_textscheme.txt
1=d:\sierra\half-life\existence\1152_textscheme.txt
2=d:\sierra\half-life\existence\1280_textscheme.txt
3=d:\sierra\half-life\existence\1600_textscheme.txt
4=d:\sierra\half-life\existence\320_textscheme.txt
5=d:\sierra\half-life\existence\400_textscheme.txt
6=d:\sierra\half-life\existence\512_textscheme.txt
7=d:\sierra\half-life\existence\640_textscheme.txt
8=d:\sierra\half-life\existence\800_textscheme.txt
9=d:\sierra\half-life\existence\cl_dlls\CLIENT.DLL
10=d:\sierra\half-life\existence\commandmenu.txt
11=d:\sierra\half-life\existence\cached.wad
12=d:\sierra\half-life\existence\classes\short_backman.txt
13=d:\sierra\half-life\existence\classes\short_clark.txt
14=d:\sierra\half-life\existence\classes\short_coombe.txt
15=d:\sierra\half-life\existence\classes\short_freeman.txt
16=d:\sierra\half-life\existence\classes\short_johnson.txt
17=d:\sierra\half-life\existence\classes\short_lee.txt
18=d:\sierra\half-life\existence\classes\short_leed.txt
19=d:\sierra\half-life\existence\classes\short_llamas.txt
20=d:\sierra\half-life\existence\classes\short_martel.txt
21=d:\sierra\half-life\existence\classes\short_meadows.txt
22=d:\sierra\half-life\existence\classes\short_mendez.txt
23=d:\sierra\half-life\existence\classes\short_preston.txt
24=d:\sierra\half-life\existence\classes\short_scordo.txt
25=d:\sierra\half-life\existence\classes\short_white.txt
26=d:\sierra\half-life\existence\events\AK47.SC
27=d:\sierra\half-life\existence\events\AWM.SC
28=d:\sierra\half-life\existence\events\BAR.SC
29=d:\sierra\half-life\existence\events\BERETTA.SC
30=d:\sierra\half-life\existence\events\DBERET.SC
31=d:\sierra\half-life\existence\events\DBERET2.SC
32=d:\sierra\half-life\existence\events\DBERET3.SC
33=d:\sierra\half-life\existence\events\DEAGLE.SC
34=d:\sierra\half-life\existence\events\M16.SC
35=d:\sierra\half-life\existence\events\MP5.SC
36=d:\sierra\half-life\existence\events\MP52.SC
37=d:\sierra\half-life\existence\events\MP53.SC
38=d:\sierra\half-life\existence\events\MP5A4.SC
39=d:\sierra\half-life\existence\events\PSG1.SC
40=d:\sierra\half-life\existence\events\SCORP.SC
41=d:\sierra\half-life\existence\events\SCORP2.SC
42=d:\sierra\half-life\existence\events\SCORP3.SC
43=d:\sierra\half-life\existence\events\smokegrenade.sc
44=d:\sierra\half-life\existence\events\SPAS12.SC
45=d:\sierra\half-life\existence\events\STONER.SC
46=d:\sierra\half-life\existence\events\stonerscope.sc
47=d:\sierra\half-life\existence\events\stonersilencer.sc
48=d:\sierra\half-life\existence\events\UZI.SC
49=d:\sierra\half-life\existence\events\UZI2.SC
50=d:\sierra\half-life\existence\events\UZI3.SC
51=d:\sierra\half-life\existence\events\VULCAN.SC
52=d:\sierra\half-life\existence\events\XM4.SC
53=d:\sierra\half-life\existence\events\XM42.SC
54=d:\sierra\half-life\existence\game.cfg
55=d:\sierra\half-life\existence\listenserver.cfg
56=d:\sierra\half-life\existence\maps\ex_highway.txt
57=d:\sierra\half-life\existence\maps\ex_highway.bsp
58=d:\sierra\half-life\existence\maps\ex_hardline.txt
59=d:\sierra\half-life\existence\maps\ex_hardline.bsp
60=d:\sierra\half-life\existence\maps\ex_blackout.txt
61=d:\sierra\half-life\existence\maps\ex_blackout.bsp
62=d:\sierra\half-life\existence\mapcycle.txt
63=d:\sierra\half-life\existence\pldecal.wad
64=d:\sierra\half-life\existence\settings.scr
65=d:\sierra\half-life\existence\sprites\320weapon_ak47.spr
66=d:\sierra\half-life\existence\sprites\320weapon_awm.spr
67=d:\sierra\half-life\existence\sprites\320weapon_beretta.spr
68=d:\sierra\half-life\existence\sprites\320weapon_deagle.spr
69=d:\sierra\half-life\existence\sprites\320weapon_glock.spr
70=d:\sierra\half-life\existence\sprites\320weapon_grenade.spr
71=d:\sierra\half-life\existence\sprites\320weapon_knife.spr
72=d:\sierra\half-life\existence\sprites\320weapon_m16.spr
73=d:\sierra\half-life\existence\sprites\320weapon_mp5k.spr
74=d:\sierra\half-life\existence\sprites\320weapon_sr9mm.spr
75=d:\sierra\half-life\existence\sprites\320weapon_usp.spr
76=d:\sierra\half-life\existence\sprites\320weapon_vulcan.spr
77=d:\sierra\half-life\existence\sprites\320weapon_xm4.spr
78=d:\sierra\half-life\existence\sprites\640HUD7.SPR
79=d:\sierra\half-life\existence\sprites\blacksmoke2.spr
80=d:\sierra\half-life\existence\sprites\C4_BOOM.SPR
81=d:\sierra\half-life\existence\sprites\C4_TIMER.SPR
82=d:\sierra\half-life\existence\sprites\CHAT.SPR
83=d:\sierra\half-life\existence\sprites\HUD.TXT
84=d:\sierra\half-life\existence\sprites\muzzleflash1.spr
85=d:\sierra\half-life\existence\sprites\muzzleflash2.spr
86=d:\sierra\half-life\existence\sprites\muzzleflash3.spr
87=d:\sierra\half-life\existence\sprites\shot_smoke.spr
88=d:\sierra\half-life\existence\sprites\shot_smoke2.spr
89=d:\sierra\half-life\existence\sprites\weapon_ak47.spr
90=d:\sierra\half-life\existence\sprites\weapon_ak47.txt
91=d:\sierra\half-life\existence\sprites\weapon_awm.spr
92=d:\sierra\half-life\existence\sprites\weapon_awm.txt
93=d:\sierra\half-life\existence\sprites\weapon_beretta.spr
94=d:\sierra\half-life\existence\sprites\weapon_beretta.txt
95=d:\sierra\half-life\existence\sprites\weapon_cellphone.txt
96=d:\sierra\half-life\existence\sprites\weapon_deagle.spr
97=d:\sierra\half-life\existence\sprites\weapon_deagle.txt
98=d:\sierra\half-life\existence\sprites\weapon_dualberettas.txt
99=d:\sierra\half-life\existence\sprites\weapon_dualscorpion.txt
100=d:\sierra\half-life\existence\sprites\weapon_expgrenade.txt
101=d:\sierra\half-life\existence\sprites\weapon_glock.spr
102=d:\sierra\half-life\existence\sprites\weapon_grenade.spr
103=d:\sierra\half-life\existence\sprites\weapon_knife.spr
104=d:\sierra\half-life\existence\sprites\weapon_knife.txt
105=d:\sierra\half-life\existence\sprites\weapon_m16.spr
106=d:\sierra\half-life\existence\sprites\weapon_m16.txt
107=d:\sierra\half-life\existence\sprites\weapon_mp5a4.txt
108=d:\sierra\half-life\existence\sprites\weapon_mp5k.spr
109=d:\sierra\half-life\existence\sprites\weapon_mp5k.txt
110=d:\sierra\half-life\existence\sprites\weapon_null.txt
111=d:\sierra\half-life\existence\sprites\weapon_psg1.txt
112=d:\sierra\half-life\existence\sprites\weapon_spas12.txt
113=d:\sierra\half-life\existence\sprites\weapon_sr9mm.spr
114=d:\sierra\half-life\existence\sprites\weapon_stoner.txt
115=d:\sierra\half-life\existence\sprites\weapon_stonerscope.txt
116=d:\sierra\half-life\existence\sprites\weapon_stonersilencer.txt
117=d:\sierra\half-life\existence\sprites\weapon_usp.spr
118=d:\sierra\half-life\existence\sprites\weapon_usp.txt
119=d:\sierra\half-life\existence\sprites\weapon_uzi.txt
120=d:\sierra\half-life\existence\sprites\weapon_vulcan.spr
121=d:\sierra\half-life\existence\sprites\weapon_vulcan.txt
122=d:\sierra\half-life\existence\sprites\weapon_xm4.spr
123=d:\sierra\half-life\existence\sprites\weapon_xm4.txt
124=d:\sierra\half-life\existence\sprites\zerogxplode.spr
125=d:\sierra\half-life\existence\sprites\320selection.spr
126=d:\sierra\half-life\existence\sprites\selection.spr
127=d:\sierra\half-life\existence\sprites\crosshairs.spr
128=d:\sierra\half-life\existence\sprites\320weapon_cellphone.spr
129=d:\sierra\half-life\existence\sprites\320weapon_mp5a4.spr
130=d:\sierra\half-life\existence\sprites\320weapon_psg1.spr
131=d:\sierra\half-life\existence\sprites\320weapon_spas12.spr
132=d:\sierra\half-life\existence\sprites\320weapon_srscoped.spr
133=d:\sierra\half-life\existence\sprites\320weapon_srsilenced.spr
134=d:\sierra\half-life\existence\sprites\weapon_mp5a4.spr
135=d:\sierra\half-life\existence\sprites\weapon_cellphone.spr
136=d:\sierra\half-life\existence\sprites\weapon_psg1.spr
137=d:\sierra\half-life\existence\sprites\weapon_skorpions.spr
138=d:\sierra\half-life\existence\sprites\weapon_spas12.spr
139=d:\sierra\half-life\existence\sprites\weapon_srscoped.spr
140=d:\sierra\half-life\existence\sprites\weapon_srsilenced.spr
141=d:\sierra\half-life\existence\sprites\weapon_uzis.spr
142=d:\sierra\half-life\existence\sprites\weapon_dualberetta.spr
143=d:\sierra\half-life\existence\sprites\ICONS.SPR
144=d:\sierra\half-life\existence\sprites\320ICONS.SPR
145=d:\sierra\half-life\existence\sprites\320HUD7.SPR
146=d:\sierra\half-life\existence\sprites\320weapon_dualberetta.spr
147=d:\sierra\half-life\existence\sprites\320weapon_skorpions.spr
148=d:\sierra\half-life\existence\sprites\320weapon_uzis.spr
149=d:\sierra\half-life\existence\sprites\SNIPE.SPR
150=d:\sierra\half-life\existence\sprites\640oxy.spr
151=d:\sierra\half-life\existence\sprites\shot_smoke1.spr
152=d:\sierra\half-life\existence\sprites\320countdown.spr
153=d:\sierra\half-life\existence\sprites\countdown.spr
154=d:\sierra\half-life\existence\sprites\target_center.spr
155=d:\sierra\half-life\existence\sprites\target_down.spr
156=d:\sierra\half-life\existence\sprites\target_left.spr
157=d:\sierra\half-life\existence\sprites\target_right.spr
158=d:\sierra\half-life\existence\sprites\target_up.spr
159=d:\sierra\half-life\existence\sprites\320targetdown.spr
160=d:\sierra\half-life\existence\sprites\320targetleft.spr
161=d:\sierra\half-life\existence\sprites\320targetmain.spr
162=d:\sierra\half-life\existence\sprites\320targetright.spr
163=d:\sierra\half-life\existence\sprites\320targetup.spr
164=d:\sierra\half-life\existence\sprites\targetdown.spr
165=d:\sierra\half-life\existence\sprites\targetleft.spr
166=d:\sierra\half-life\existence\sprites\targetmain.spr
167=d:\sierra\half-life\existence\sprites\targetright.spr
168=d:\sierra\half-life\existence\sprites\targetup.spr
169=d:\sierra\half-life\existence\sprites\blood.spr
170=d:\sierra\half-life\existence\sprites\bloodspray.spr
171=d:\sierra\half-life\existence\overviews\ex_hardline.txt
172=d:\sierra\half-life\existence\overviews\ex_hardline.bmp
173=d:\sierra\half-life\existence\overviews\ex_blackout.txt
174=d:\sierra\half-life\existence\overviews\ex_highway.txt
175=d:\sierra\half-life\existence\overviews\ex_highway.bmp
176=d:\sierra\half-life\existence\overviews\ex_blackout.bmp
177=d:\sierra\half-life\existence\sound\AMBIENCE\loop_TrafficIdleAmbience_1.wav
178=d:\sierra\half-life\existence\sound\AMBIENCE\loop_base_Alarm_1.wav
179=d:\sierra\half-life\existence\sound\AMBIENCE\loop_drainpipe.wav
180=d:\sierra\half-life\existence\sound\AMBIENCE\loop_drip_amb1.wav
181=d:\sierra\half-life\existence\sound\AMBIENCE\loop_fan_big.wav
182=d:\sierra\half-life\existence\sound\AMBIENCE\loop_fan_small.wav
183=d:\sierra\half-life\existence\sound\AMBIENCE\loop_Generator.wav
184=d:\sierra\half-life\existence\sound\AMBIENCE\loop_AC_vent.wav
185=d:\sierra\half-life\existence\sound\AMBIENCE\loop_neon_light.wav
186=d:\sierra\half-life\existence\sound\AMBIENCE\loop_pipes.wav
187=d:\sierra\half-life\existence\sound\AMBIENCE\loop_rain_amb1.wav
188=d:\sierra\half-life\existence\sound\AMBIENCE\loop_rain_amb2.wav
189=d:\sierra\half-life\existence\sound\AMBIENCE\loop_rain_amb3_inside.wav
190=d:\sierra\half-life\existence\sound\AMBIENCE\loop_Sewer1.wav
191=d:\sierra\half-life\existence\sound\AMBIENCE\loop_Sewer2.wav
192=d:\sierra\half-life\existence\sound\AMBIENCE\loop_waterfall.wav
193=d:\sierra\half-life\existence\sound\AMBIENCE\loop_Wind_DeepAmb1.wav
194=d:\sierra\half-life\existence\sound\AMBIENCE\loop_Wind_High_1.wav
195=d:\sierra\half-life\existence\sound\AMBIENCE\loop_Wind_Long_1.wav
196=d:\sierra\half-life\existence\sound\AMBIENCE\random_plane_FlyBy.wav
197=d:\sierra\half-life\existence\sound\AMBIENCE\random_police_horn.wav
198=d:\sierra\half-life\existence\sound\AMBIENCE\random_thunder1.wav
199=d:\sierra\half-life\existence\sound\AMBIENCE\random_thunder2.wav
200=d:\sierra\half-life\existence\sound\AMBIENCE\random_thunder3.wav
201=d:\sierra\half-life\existence\sound\AMBIENCE\random_train_passby1a.wav
202=d:\sierra\half-life\existence\sound\AMBIENCE\alarm_surface_1.wav
203=d:\sierra\half-life\existence\sound\CIV\dont_shoot_me.wav
204=d:\sierra\half-life\existence\sound\CIV\may_i_help_you.wav
205=d:\sierra\half-life\existence\sound\CIV\OH_GOD.WAV
206=d:\sierra\half-life\existence\sound\CIV\PAIN1.WAV
207=d:\sierra\half-life\existence\sound\CIV\PAIN2.WAV
208=d:\sierra\half-life\existence\sound\CIV\PAIN3.WAV
209=d:\sierra\half-life\existence\sound\CIV\PAIN4.WAV
210=d:\sierra\half-life\existence\sound\CIV\PAIN5.WAV
211=d:\sierra\half-life\existence\sound\CIV\please_dont_kill.wav
212=d:\sierra\half-life\existence\sound\CIV\SHIT.WAV
213=d:\sierra\half-life\existence\sound\CIV\step_off_bitch.wav
214=d:\sierra\half-life\existence\sound\CIV\whats_cracking.wav
215=d:\sierra\half-life\existence\sound\CIV\what_you_want.wav
216=d:\sierra\half-life\existence\sound\CIV\YES.WAV
217=d:\sierra\half-life\existence\sound\ITEMS\9MMCLIP1.WAV
218=d:\sierra\half-life\existence\sound\ITEMS\9MMCLIP2.WAV
219=d:\sierra\half-life\existence\sound\ITEMS\CLIPOUT.WAV
220=d:\sierra\half-life\existence\sound\ITEMS\clipout_EX.wav
221=d:\sierra\half-life\existence\sound\ITEMS\clip_out1.wav
222=d:\sierra\half-life\existence\sound\ITEMS\DUALDROP.WAV
223=d:\sierra\half-life\existence\sound\ITEMS\PCLIPOUT.WAV
224=d:\sierra\half-life\existence\sound\ITEMS\pistol_clipdrop.wav
225=d:\sierra\half-life\existence\sound\ITEMS\pistol_clipin.wav
226=d:\sierra\half-life\existence\sound\ITEMS\pistol_clipout.wav
227=d:\sierra\half-life\existence\sound\ITEMS\pistol_cock.wav
228=d:\sierra\half-life\existence\sound\ITEMS\preloadsingle.wav
229=d:\sierra\half-life\existence\sound\ITEMS\reload_single.wav
230=d:\sierra\half-life\existence\sound\ITEMS\rifle_clipdrop.wav
231=d:\sierra\half-life\existence\sound\ITEMS\rifle_clipin.wav
232=d:\sierra\half-life\existence\sound\ITEMS\rifle_clipout.wav
233=d:\sierra\half-life\existence\sound\ITEMS\rifle_cock.wav
234=d:\sierra\half-life\existence\sound\ITEMS\shotgun_cock.wav
235=d:\sierra\half-life\existence\sound\ITEMS\shotgun_reload.wav
236=d:\sierra\half-life\existence\sound\MISC\TALK.WAV
237=d:\sierra\half-life\existence\sound\MISC\hydraulic_door_close.wav
238=d:\sierra\half-life\existence\sound\MISC\hydraulic_door_open.wav
239=d:\sierra\half-life\existence\sound\OLDMAN\CRACKING.WAV
240=d:\sierra\half-life\existence\sound\OLDMAN\cracking2.wav
241=d:\sierra\half-life\existence\sound\OLDMAN\dont_shoot_me.wav
242=d:\sierra\half-life\existence\sound\OLDMAN\OH_GOD.WAV
243=d:\sierra\half-life\existence\sound\OLDMAN\SHIT.WAV
244=d:\sierra\half-life\existence\sound\OLDMAN\SHIT2.WAV
245=d:\sierra\half-life\existence\sound\OLDMAN\SHIT3.WAV
246=d:\sierra\half-life\existence\sound\PLAYER\bodydrop1.wav
247=d:\sierra\half-life\existence\sound\PLAYER\bodydrop2.wav
248=d:\sierra\half-life\existence\sound\PLAYER\body_drop3.wav
249=d:\sierra\half-life\existence\sound\PLAYER\body_drop4.wav
250=d:\sierra\half-life\existence\sound\PLAYER\LOAD.WAV
251=d:\sierra\half-life\existence\sound\PLAYER\pl_concrete1.wav
252=d:\sierra\half-life\existence\sound\PLAYER\pl_concrete2.wav
253=d:\sierra\half-life\existence\sound\PLAYER\PL_DIRT1.WAV
254=d:\sierra\half-life\existence\sound\PLAYER\PL_DIRT2.WAV
255=d:\sierra\half-life\existence\sound\PLAYER\PL_DRAW.WAV
256=d:\sierra\half-life\existence\sound\PLAYER\PL_GLOVE.WAV
257=d:\sierra\half-life\existence\sound\PLAYER\pl_gravel1.wav
258=d:\sierra\half-life\existence\sound\PLAYER\pl_gravel2.wav
259=d:\sierra\half-life\existence\sound\PLAYER\pl_holster.wav
260=d:\sierra\half-life\existence\sound\PLAYER\pl_kevlarhit.wav
261=d:\sierra\half-life\existence\sound\PLAYER\pl_metal1.wav
262=d:\sierra\half-life\existence\sound\PLAYER\pl_metal2.wav
263=d:\sierra\half-life\existence\sound\PLAYER\PL_PAIN1.WAV
264=d:\sierra\half-life\existence\sound\PLAYER\PL_PAIN2.WAV
265=d:\sierra\half-life\existence\sound\PLAYER\PL_PAIN5.WAV
266=d:\sierra\half-life\existence\sound\PLAYER\PL_PAIN6.WAV
267=d:\sierra\half-life\existence\sound\PLAYER\PL_PAIN7.WAV
268=d:\sierra\half-life\existence\sound\PLAYER\PL_WADE1.WAV
269=d:\sierra\half-life\existence\sound\PLAYER\PL_WADE2.WAV
270=d:\sierra\half-life\existence\sound\PLAYER\upgradevest.wav
271=d:\sierra\half-life\existence\sound\PLAYER\pl_dirt3.wav
272=d:\sierra\half-life\existence\sound\PLAYER\pl_dirt4.wav
273=d:\sierra\half-life\existence\sound\PLAYER\pl_duct1.wav
274=d:\sierra\half-life\existence\sound\PLAYER\pl_duct2.wav
275=d:\sierra\half-life\existence\sound\PLAYER\pl_duct3.wav
276=d:\sierra\half-life\existence\sound\PLAYER\pl_duct4.wav
277=d:\sierra\half-life\existence\sound\PLAYER\pl_grate1.wav
278=d:\sierra\half-life\existence\sound\PLAYER\pl_grate2.wav
279=d:\sierra\half-life\existence\sound\PLAYER\pl_grate3.wav
280=d:\sierra\half-life\existence\sound\PLAYER\pl_grate4.wav
281=d:\sierra\half-life\existence\sound\PLAYER\pl_jump1.wav
282=d:\sierra\half-life\existence\sound\PLAYER\pl_jump2.wav
283=d:\sierra\half-life\existence\sound\PLAYER\pl_ladder1.wav
284=d:\sierra\half-life\existence\sound\PLAYER\pl_ladder2.wav
285=d:\sierra\half-life\existence\sound\PLAYER\pl_ladder3.wav
286=d:\sierra\half-life\existence\sound\PLAYER\pl_ladder4.wav
287=d:\sierra\half-life\existence\sound\PLAYER\pl_metal3.wav
288=d:\sierra\half-life\existence\sound\PLAYER\pl_metal4.wav
289=d:\sierra\half-life\existence\sound\PLAYER\pl_shell1.wav
290=d:\sierra\half-life\existence\sound\PLAYER\pl_shell2.wav
291=d:\sierra\half-life\existence\sound\PLAYER\pl_shell3.wav
292=d:\sierra\half-life\existence\sound\PLAYER\pl_slosh1.wav
293=d:\sierra\half-life\existence\sound\PLAYER\pl_slosh2.wav
294=d:\sierra\half-life\existence\sound\PLAYER\pl_slosh3.wav
295=d:\sierra\half-life\existence\sound\PLAYER\pl_slosh4.wav
296=d:\sierra\half-life\existence\sound\PLAYER\pl_snow1.wav
297=d:\sierra\half-life\existence\sound\PLAYER\pl_snow2.wav
298=d:\sierra\half-life\existence\sound\PLAYER\pl_snow3.wav
299=d:\sierra\half-life\existence\sound\PLAYER\pl_snow4.wav
300=d:\sierra\half-life\existence\sound\PLAYER\pl_snow5.wav
301=d:\sierra\half-life\existence\sound\PLAYER\pl_snow6.wav
302=d:\sierra\half-life\existence\sound\PLAYER\pl_step1.wav
303=d:\sierra\half-life\existence\sound\PLAYER\pl_step2.wav
304=d:\sierra\half-life\existence\sound\PLAYER\pl_step3.wav
305=d:\sierra\half-life\existence\sound\PLAYER\pl_step4.wav
306=d:\sierra\half-life\existence\sound\PLAYER\pl_swim1.wav
307=d:\sierra\half-life\existence\sound\PLAYER\pl_swim2.wav
308=d:\sierra\half-life\existence\sound\PLAYER\pl_swim3.wav
309=d:\sierra\half-life\existence\sound\PLAYER\pl_swim4.wav
310=d:\sierra\half-life\existence\sound\PLAYER\pl_tile1.wav
311=d:\sierra\half-life\existence\sound\PLAYER\pl_tile2.wav
312=d:\sierra\half-life\existence\sound\PLAYER\pl_tile3.wav
313=d:\sierra\half-life\existence\sound\PLAYER\pl_tile4.wav
314=d:\sierra\half-life\existence\sound\PLAYER\pl_tile5.wav
315=d:\sierra\half-life\existence\sound\PLAYER\pl_wade3.wav
316=d:\sierra\half-life\existence\sound\PLAYER\pl_wade4.wav
317=d:\sierra\half-life\existence\sound\RADIO\accent_agent\follow_attack_321.wav
318=d:\sierra\half-life\existence\sound\RADIO\accent_agent\follow_attack_321_now.wav
319=d:\sierra\half-life\existence\sound\RADIO\accent_agent\hold_this_position.wav
320=d:\sierra\half-life\existence\sound\RADIO\accent_agent\rebels_escaping_secure_exits.wav
321=d:\sierra\half-life\existence\sound\RADIO\accent_agent\report_guard.wav
322=d:\sierra\half-life\existence\sound\RADIO\accent_agent\report_guard_prisoner.wav
323=d:\sierra\half-life\existence\sound\RADIO\accent_agent\spread_out_men.wav
324=d:\sierra\half-life\existence\sound\RADIO\confident_agent\follow_attack_321.wav
325=d:\sierra\half-life\existence\sound\RADIO\confident_agent\hold_this_position.wav
326=d:\sierra\half-life\existence\sound\RADIO\confident_agent\rebels_escape_secure_exits.wav
327=d:\sierra\half-life\existence\sound\RADIO\confident_agent\report_guard.wav
328=d:\sierra\half-life\existence\sound\RADIO\confident_agent\secure_building.wav
329=d:\sierra\half-life\existence\sound\RADIO\confident_agent\spread_out_men.wav
330=d:\sierra\half-life\existence\sound\RADIO\confident_agent\stay_together_men.wav
331=d:\sierra\half-life\existence\sound\RADIO\crazy_agent\follow_attack_321_now.wav
332=d:\sierra\half-life\existence\sound\RADIO\crazy_agent\hold_position.wav
333=d:\sierra\half-life\existence\sound\RADIO\crazy_agent\rebels_escape_secure_exits.wav
334=d:\sierra\half-life\existence\sound\RADIO\crazy_agent\report_guard.wav
335=d:\sierra\half-life\existence\sound\RADIO\crazy_agent\report_guard2.wav
336=d:\sierra\half-life\existence\sound\RADIO\crazy_agent\report_guard3.wav
337=d:\sierra\half-life\existence\sound\RADIO\crazy_agent\secure_building.wav
338=d:\sierra\half-life\existence\sound\RADIO\crazy_agent\spread_out.wav
339=d:\sierra\half-life\existence\sound\RADIO\crazy_agent\stay_together.wav
340=d:\sierra\half-life\existence\sound\RADIO\crazy_agent\stay_together2.wav
341=d:\sierra\half-life\existence\sound\RADIO\low_agent\follow_attack_321_now.wav
342=d:\sierra\half-life\existence\sound\RADIO\low_agent\hold_this_position.wav
343=d:\sierra\half-life\existence\sound\RADIO\low_agent\report_and_guard.wav
344=d:\sierra\half-life\existence\sound\RADIO\low_agent\secure_exits.wav
345=d:\sierra\half-life\existence\sound\RADIO\low_agent\secure_nurotech.wav
346=d:\sierra\half-life\existence\sound\RADIO\low_agent\spread_out_men.wav
347=d:\sierra\half-life\existence\sound\RADIO\low_agent\stay_together_men.wav
348=d:\sierra\half-life\existence\sound\RADIO\MENDEZ\all_teams_escort_dr.wav
349=d:\sierra\half-life\existence\sound\RADIO\MENDEZ\as_one_team.wav
350=d:\sierra\half-life\existence\sound\RADIO\MENDEZ\as_one_team2.wav
351=d:\sierra\half-life\existence\sound\RADIO\MENDEZ\captured_get_him_out.wav
352=d:\sierra\half-life\existence\sound\RADIO\MENDEZ\hold_position2.wav
353=d:\sierra\half-life\existence\sound\RADIO\MENDEZ\meet_perimeter.wav
354=d:\sierra\half-life\existence\sound\RADIO\MENDEZ\recnnt_hardline_team.wav
355=d:\sierra\half-life\existence\sound\RADIO\MENDEZ\rush_321_go.wav
356=d:\sierra\half-life\existence\sound\RADIO\MENDEZ\spread_out2.wav
357=d:\sierra\half-life\existence\sound\RADIO\MENDEZ\spread_out3.wav
358=d:\sierra\half-life\existence\sound\RADIO\rebelfemale\female_as_one.wav
359=d:\sierra\half-life\existence\sound\RADIO\rebelfemale\female_as_one2.wav
360=d:\sierra\half-life\existence\sound\RADIO\rebelfemale\female_escort_dr.wav
361=d:\sierra\half-life\existence\sound\RADIO\rebelfemale\female_get_white_out.wav
362=d:\sierra\half-life\existence\sound\RADIO\rebelfemale\female_hold_position.wav
363=d:\sierra\half-life\existence\sound\RADIO\rebelfemale\female_meet_perim.wav
364=d:\sierra\half-life\existence\sound\RADIO\rebelfemale\female_recnnt_hardline.wav
365=d:\sierra\half-life\existence\sound\RADIO\rebelfemale\female_rush_321go.wav
366=d:\sierra\half-life\existence\sound\RADIO\rebelfemale\female_rush_321go_2.wav
367=d:\sierra\half-life\existence\sound\RADIO\rebelfemale\female_spread_out.wav
368=d:\sierra\half-life\existence\sound\RADIO\rebelfemale\female_spread_out2.wav
369=d:\sierra\half-life\existence\sound\RADIO\WHITE\all_escort_dr.wav
370=d:\sierra\half-life\existence\sound\RADIO\WHITE\AS_ONE.WAV
371=d:\sierra\half-life\existence\sound\RADIO\WHITE\hold_position.wav
372=d:\sierra\half-life\existence\sound\RADIO\WHITE\meet_at_target.wav
373=d:\sierra\half-life\existence\sound\RADIO\WHITE\recnnt_hardline_team.wav
374=d:\sierra\half-life\existence\sound\RADIO\WHITE\rushin_321.wav
375=d:\sierra\half-life\existence\sound\RADIO\WHITE\spread_out.wav
376=d:\sierra\half-life\existence\sound\RADIO\WHITE\spread_out2.wav
377=d:\sierra\half-life\existence\sound\RADIO\WHITE\white_cap_gethim_out.wav
378=d:\sierra\half-life\existence\sound\sentences.txt
379=d:\sierra\half-life\existence\sound\VOX\AGENT\begininground_passwords.wav
380=d:\sierra\half-life\existence\sound\VOX\AGENT\echo_agent_down.wav
381=d:\sierra\half-life\existence\sound\VOX\AGENT\echo_black_shutting_down.wav
382=d:\sierra\half-life\existence\sound\VOX\AGENT\echo_disconect_scan_stop.wav
383=d:\sierra\half-life\existence\sound\VOX\AGENT\echo_dr_captured_scan_started.wav
384=d:\sierra\half-life\existence\sound\VOX\AGENT\echo_mainframe_connect_fail.wav
385=d:\sierra\half-life\existence\sound\VOX\AGENT\echo_mainframe_non_existent.wav
386=d:\sierra\half-life\existence\sound\VOX\AGENT\echo_rebels_terminated.wav
387=d:\sierra\half-life\existence\sound\VOX\AGENT\echo_scan_complete.wav
388=d:\sierra\half-life\existence\sound\VOX\REBEL\agentsdead_humans_terminated.wav
389=d:\sierra\half-life\existence\sound\VOX\REBEL\c4blown_sucses_escort_dr2.wav
390=d:\sierra\half-life\existence\sound\VOX\REBEL\dr_rescued_escort.wav
391=d:\sierra\half-life\existence\sound\VOX\REBEL\hardline_down.wav
392=d:\sierra\half-life\existence\sound\VOX\REBEL\nurotech_has_dr_topfloor.wav
393=d:\sierra\half-life\existence\sound\VOX\REBEL\rebelrespawn_reinforments.wav
394=d:\sierra\half-life\existence\sound\VOX\REBEL\roundstart_dispatch.wav
395=d:\sierra\half-life\existence\sound\VOX\REBEL\whiteecaped_home.wav
396=d:\sierra\half-life\existence\sound\VOX\REBEL\whiteheld3min_control.wav
397=d:\sierra\half-life\existence\sound\WEAPONS\ak47_fire.wav
398=d:\sierra\half-life\existence\sound\WEAPONS\ammopickup1.wav
399=d:\sierra\half-life\existence\sound\WEAPONS\awm_clipin.wav
400=d:\sierra\half-life\existence\sound\WEAPONS\awm_clipout.wav
401=d:\sierra\half-life\existence\sound\WEAPONS\AWM_FIRE.WAV
402=d:\sierra\half-life\existence\sound\WEAPONS\beretta_fire.wav
403=d:\sierra\half-life\existence\sound\WEAPONS\generic_draw_EX.wav
404=d:\sierra\half-life\existence\sound\WEAPONS\generic_holster_EX.wav
405=d:\sierra\half-life\existence\sound\WEAPONS\knife_draw.wav
406=d:\sierra\half-life\existence\sound\WEAPONS\knife_hit1.wav
407=d:\sierra\half-life\existence\sound\WEAPONS\knife_hit2.wav
408=d:\sierra\half-life\existence\sound\WEAPONS\knife_hit3.wav
409=d:\sierra\half-life\existence\sound\WEAPONS\knife_holster.wav
410=d:\sierra\half-life\existence\sound\WEAPONS\knife_swipe1.wav
411=d:\sierra\half-life\existence\sound\WEAPONS\knife_swipe2.wav
412=d:\sierra\half-life\existence\sound\WEAPONS\knife_wall1.wav
413=d:\sierra\half-life\existence\sound\WEAPONS\knife_wall2.wav
414=d:\sierra\half-life\existence\sound\WEAPONS\knife_wall3.wav
415=d:\sierra\half-life\existence\sound\WEAPONS\M16_DROP.WAV
416=d:\sierra\half-life\existence\sound\WEAPONS\M16_FIRE.WAV
417=d:\sierra\half-life\existence\sound\WEAPONS\m16_reload.wav
418=d:\sierra\half-life\existence\sound\WEAPONS\minigun_drop.wav
419=d:\sierra\half-life\existence\sound\WEAPONS\minigun_last_shot.wav
420=d:\sierra\half-life\existence\sound\WEAPONS\minigun_loop_shot.wav
421=d:\sierra\half-life\existence\sound\WEAPONS\minigun_reload.wav
422=d:\sierra\half-life\existence\sound\WEAPONS\mp5a4_drop.wav
423=d:\sierra\half-life\existence\sound\WEAPONS\mp5a4_fire1.wav
424=d:\sierra\half-life\existence\sound\WEAPONS\mp5a4_fire2.wav
425=d:\sierra\half-life\existence\sound\WEAPONS\mp5a4_reload.wav
426=d:\sierra\half-life\existence\sound\WEAPONS\MP5_DRAW.WAV
427=d:\sierra\half-life\existence\sound\WEAPONS\MP5_DROP.WAV
428=d:\sierra\half-life\existence\sound\WEAPONS\MP5_FIRE.WAV
429=d:\sierra\half-life\existence\sound\WEAPONS\mp5_fire1.wav
430=d:\sierra\half-life\existence\sound\WEAPONS\mp5_holster.wav
431=d:\sierra\half-life\existence\sound\WEAPONS\mp5_reload.wav
432=d:\sierra\half-life\existence\sound\WEAPONS\phone_ring.wav
433=d:\sierra\half-life\existence\sound\WEAPONS\phone_snap.wav
434=d:\sierra\half-life\existence\sound\WEAPONS\PL_GUN1.WAV
435=d:\sierra\half-life\existence\sound\WEAPONS\PL_GUN2.WAV
436=d:\sierra\half-life\existence\sound\WEAPONS\PL_GUN3.WAV
437=d:\sierra\half-life\existence\sound\WEAPONS\psg1_drop.wav
438=d:\sierra\half-life\existence\sound\WEAPONS\psg1_fire.wav
439=d:\sierra\half-life\existence\sound\WEAPONS\psg1_fire_last.wav
440=d:\sierra\half-life\existence\sound\WEAPONS\psg1_reload.wav
441=d:\sierra\half-life\existence\sound\WEAPONS\reload_full.wav
442=d:\sierra\half-life\existence\sound\WEAPONS\reload_single.wav
443=d:\sierra\half-life\existence\sound\WEAPONS\SCOCK1.WAV
444=d:\sierra\half-life\existence\sound\WEAPONS\scorpion_fire.wav
445=d:\sierra\half-life\existence\sound\WEAPONS\scorp_drop.wav
446=d:\sierra\half-life\existence\sound\WEAPONS\scorp_shell.wav
447=d:\sierra\half-life\existence\sound\WEAPONS\SHELL.WAV
448=d:\sierra\half-life\existence\sound\WEAPONS\shell_metal.wav
449=d:\sierra\half-life\existence\sound\WEAPONS\shell_stone.wav
450=d:\sierra\half-life\existence\sound\WEAPONS\spas12_drop.wav
451=d:\sierra\half-life\existence\sound\WEAPONS\spas12_fire.wav
452=d:\sierra\half-life\existence\sound\WEAPONS\stoner_drop.wav
453=d:\sierra\half-life\existence\sound\WEAPONS\stoner_fire.wav
454=d:\sierra\half-life\existence\sound\WEAPONS\stoner_reload.wav
455=d:\sierra\half-life\existence\sound\WEAPONS\stoner_silenced.wav
456=d:\sierra\half-life\existence\sound\WEAPONS\UZI.WAV
457=d:\sierra\half-life\existence\sound\WEAPONS\xm4_clipin.wav
458=d:\sierra\half-life\existence\sound\WEAPONS\xm4_clipout.wav
459=d:\sierra\half-life\existence\sound\WEAPONS\xm4_slug_fire.wav
460=d:\sierra\half-life\existence\sound\WEAPONS\357_shot2.wav
461=d:\sierra\half-life\existence\sound\WEAPONS\HKS1.WAV
462=d:\sierra\half-life\existence\sound\WEAPONS\HKS2.WAV
463=d:\sierra\half-life\existence\sound\WEAPONS\HKS3.WAV
464=d:\sierra\half-life\existence\sound\WEAPONS\357_shot1.wav
465=d:\sierra\half-life\existence\sound\WEAPONS\EXPLODE5.WAV
466=d:\sierra\half-life\existence\sound\WEAPONS\EXPLODE4.WAV
467=d:\sierra\half-life\existence\sound\WEAPONS\EXPLODE3.WAV
468=d:\sierra\half-life\existence\sound\WEAPONS\slug_explode.wav
469=d:\sierra\half-life\existence\sound\WEAPONS\sniper_fire.wav
470=d:\sierra\half-life\existence\sound\debris\zap7.wav
471=d:\sierra\half-life\existence\sound\debris\zap4.wav
472=d:\sierra\half-life\existence\sound\debris\concrete3.wav
473=d:\sierra\half-life\existence\sound\debris\concrete2.wav
474=d:\sierra\half-life\existence\sound\debris\concrete1.wav
475=d:\sierra\half-life\existence\sound\debris\bustglass3.wav
476=d:\sierra\half-life\existence\sound\debris\bustglass2.wav
477=d:\sierra\half-life\existence\sound\debris\bustglass1.wav
478=d:\sierra\half-life\existence\sound\debris\bustconcrete1.wav
479=d:\sierra\half-life\existence\sound\debris\bustconcrete2.wav
480=d:\sierra\half-life\existence\sound\common\wpn_hudoff.wav
481=d:\sierra\half-life\existence\sound\common\wpn_hudon.wav
482=d:\sierra\half-life\existence\sound\common\wpn_moveselect.wav
483=d:\sierra\half-life\existence\sound\common\wpn_select.wav
484=d:\sierra\half-life\existence\ex_official.wad
485=d:\sierra\half-life\existence\ex_various.wad
486=d:\sierra\half-life\existence\x_icon.ico
487=d:\sierra\half-life\existence\user.scr
488=d:\sierra\half-life\existence\titles.txt
489=d:\sierra\half-life\existence\server.cfg
490=d:\sierra\half-life\existence\motd.txt
491=d:\sierra\half-life\existence\liblist.gam
492=d:\sierra\half-life\existence\gfx.wad
493=d:\sierra\half-life\existence\error.cfg
494=d:\sierra\half-life\existence\delta.lst
495=d:\sierra\half-life\existence\decals.wad
496=d:\sierra\half-life\existence\ex_blackout.wad
497=d:\sierra\half-life\existence\config.cfg
498=d:\sierra\half-life\existence\weapons\short_ak47.txt
499=d:\sierra\half-life\existence\weapons\short_awm.txt
500=d:\sierra\half-life\existence\weapons\short_barrett.txt
501=d:\sierra\half-life\existence\weapons\short_berretta.txt
502=d:\sierra\half-life\existence\weapons\short_berrettas.txt
503=d:\sierra\half-life\existence\weapons\short_buyabilites.txt
504=d:\sierra\half-life\existence\weapons\short_buyequipment.txt
505=d:\sierra\half-life\existence\weapons\short_buyweapons.txt
506=d:\sierra\half-life\existence\weapons\short_deserteagle.txt
507=d:\sierra\half-life\existence\weapons\short_dualmp5k.txt
508=d:\sierra\half-life\existence\weapons\short_dualscorpion.txt
509=d:\sierra\half-life\existence\weapons\short_dualuzi.txt
510=d:\sierra\half-life\existence\weapons\short_expgrenade.txt
511=d:\sierra\half-life\existence\weapons\short_highjump.txt
512=d:\sierra\half-life\existence\weapons\short_longjump.txt
513=d:\sierra\half-life\existence\weapons\short_m16.txt
514=d:\sierra\half-life\existence\weapons\short_minigun.txt
515=d:\sierra\half-life\existence\weapons\short_mp5a4.txt
516=d:\sierra\half-life\existence\weapons\short_psg1.txt
517=d:\sierra\half-life\existence\weapons\short_smokegrenade.txt
518=d:\sierra\half-life\existence\weapons\short_spas12.txt
519=d:\sierra\half-life\existence\weapons\short_speedboost.txt
520=d:\sierra\half-life\existence\weapons\short_stoner.txt
521=d:\sierra\half-life\existence\weapons\short_stonerscope.txt
522=d:\sierra\half-life\existence\weapons\short_stonersilencer.txt
523=d:\sierra\half-life\existence\weapons\short_upgradevest.txt
524=d:\sierra\half-life\existence\weapons\short_usp.txt
525=d:\sierra\half-life\existence\weapons\short_vest.txt
526=d:\sierra\half-life\existence\weapons\short_xm4.txt
527=d:\sierra\half-life\existence\models\CIVHOP.MDL
528=d:\sierra\half-life\existence\models\civhopT.mdl
529=d:\sierra\half-life\existence\models\CIVOLD.MDL
530=d:\sierra\half-life\existence\models\civoldT.mdl
531=d:\sierra\half-life\existence\models\newspaper.mdl
532=d:\sierra\half-life\existence\models\PLAYER\BACKMAN\BACKMAN.MDL
533=d:\sierra\half-life\existence\models\PLAYER\CIV2\CIV2.MDL
534=d:\sierra\half-life\existence\models\PLAYER\CIV3\CIV3.MDL
535=d:\sierra\half-life\existence\models\PLAYER\CLARK\CLARK.MDL
536=d:\sierra\half-life\existence\models\PLAYER\COOMBE\COOMBE.MDL
537=d:\sierra\half-life\existence\models\PLAYER\FREEMAN\FREEMAN.MDL
538=d:\sierra\half-life\existence\models\PLAYER\JOHNSON\JOHNSON.MDL
539=d:\sierra\half-life\existence\models\PLAYER\LEE\LEE.MDL
540=d:\sierra\half-life\existence\models\PLAYER\LEED\LEED.MDL
541=d:\sierra\half-life\existence\models\PLAYER\LLAMAS\LLAMAS.MDL
542=d:\sierra\half-life\existence\models\PLAYER\MARTEL\MARTEL.MDL
543=d:\sierra\half-life\existence\models\PLAYER\MEADOWS\MEADOWS.MDL
544=d:\sierra\half-life\existence\models\PLAYER\MENDEZ\MENDEZ.MDL
545=d:\sierra\half-life\existence\models\PLAYER\PRESTON\MEADOWS.QC
546=d:\sierra\half-life\existence\models\PLAYER\PRESTON\PRESTON.MDL
547=d:\sierra\half-life\existence\models\PLAYER\SCORDO\SCORDO.MDL
548=d:\sierra\half-life\existence\models\PLAYER\SLIM\SLIM.MDL
549=d:\sierra\half-life\existence\models\PLAYER\SWAT1\SWAT1.MDL
550=d:\sierra\half-life\existence\models\PLAYER\SWAT2\SWAT2.MDL
551=d:\sierra\half-life\existence\models\PLAYER\SWAT3\SWAT3.MDL
552=d:\sierra\half-life\existence\models\PLAYER\WHITE\WHITE.MDL
553=d:\sierra\half-life\existence\models\PLAYER.MDL
554=d:\sierra\half-life\existence\models\P_357.MDL
555=d:\sierra\half-life\existence\models\p_9mmhandgun.mdl
556=d:\sierra\half-life\existence\models\P_AK47.MDL
557=d:\sierra\half-life\existence\models\P_AWM.MDL
558=d:\sierra\half-life\existence\models\p_beretta.mdl
559=d:\sierra\half-life\existence\models\p_berettas.mdl
560=d:\sierra\half-life\existence\models\P_CELL.MDL
561=d:\sierra\half-life\existence\models\p_crossbow.mdl
562=d:\sierra\half-life\existence\models\p_crowbar.mdl
563=d:\sierra\half-life\existence\models\P_DEAGLE.MDL
564=d:\sierra\half-life\existence\models\P_EGON.MDL
565=d:\sierra\half-life\existence\models\p_expgrenade.mdl
566=d:\sierra\half-life\existence\models\P_GATTLE.MDL
567=d:\sierra\half-life\existence\models\P_GAUSS.MDL
568=d:\sierra\half-life\existence\models\P_GLOCK.MDL
569=d:\sierra\half-life\existence\models\p_grenade.mdl
570=d:\sierra\half-life\existence\models\P_HGUN.MDL
571=d:\sierra\half-life\existence\models\P_KNIFE.MDL
572=d:\sierra\half-life\existence\models\P_M16.MDL
573=d:\sierra\half-life\existence\models\p_microuzi.mdl
574=d:\sierra\half-life\existence\models\P_MP5.MDL
575=d:\sierra\half-life\existence\models\P_MP5A4.MDL
576=d:\sierra\half-life\existence\models\P_MP5K.MDL
577=d:\sierra\half-life\existence\models\P_PSG1.MDL
578=d:\sierra\half-life\existence\models\P_RPG.MDL
579=d:\sierra\half-life\existence\models\p_satchel.mdl
580=d:\sierra\half-life\existence\models\p_satchel_radio.mdl
581=d:\sierra\half-life\existence\models\P_SCORP.MDL
582=d:\sierra\half-life\existence\models\p_shotgun.mdl
583=d:\sierra\half-life\existence\models\p_smokegrenade.mdl
584=d:\sierra\half-life\existence\models\P_SPAS12.MDL
585=d:\sierra\half-life\existence\models\P_SQUEAK.MDL
586=d:\sierra\half-life\existence\models\P_STONER.MDL
587=d:\sierra\half-life\existence\models\p_stoner7scope.mdl
588=d:\sierra\half-life\existence\models\p_stoner7sil.mdl
589=d:\sierra\half-life\existence\models\p_tripmine.mdl
590=d:\sierra\half-life\existence\models\P_USP.MDL
591=d:\sierra\half-life\existence\models\P_XM4.MDL
592=d:\sierra\half-life\existence\models\SHELL.MDL
593=d:\sierra\half-life\existence\models\v_9mmhandgun.mdl
594=d:\sierra\half-life\existence\models\V_AK47.MDL
595=d:\sierra\half-life\existence\models\V_AWM.MDL
596=d:\sierra\half-life\existence\models\v_beretta.mdl
597=d:\sierra\half-life\existence\models\v_berettas.mdl
598=d:\sierra\half-life\existence\models\V_CELL.MDL
599=d:\sierra\half-life\existence\models\V_DEAGLE.MDL
600=d:\sierra\half-life\existence\models\v_expgrenade.mdl
601=d:\sierra\half-life\existence\models\V_GATTLE.MDL
602=d:\sierra\half-life\existence\models\V_KNIFE.MDL
603=d:\sierra\half-life\existence\models\V_M16.MDL
604=d:\sierra\half-life\existence\models\v_microuzi.mdl
605=d:\sierra\half-life\existence\models\V_MP5.MDL
606=d:\sierra\half-life\existence\models\V_MP5A4.MDL
607=d:\sierra\half-life\existence\models\V_PSG1.MDL
608=d:\sierra\half-life\existence\models\V_SCORP.MDL
609=d:\sierra\half-life\existence\models\v_smokegrenade.mdl
610=d:\sierra\half-life\existence\models\V_SPAS12.MDL
611=d:\sierra\half-life\existence\models\V_STONER.MDL
612=d:\sierra\half-life\existence\models\v_stoner7scope.mdl
613=d:\sierra\half-life\existence\models\v_stoner7sil.mdl
614=d:\sierra\half-life\existence\models\V_XM4.MDL
615=d:\sierra\half-life\existence\models\W_AK47.MDL
616=d:\sierra\half-life\existence\models\W_AWM.MDL
617=d:\sierra\half-life\existence\models\W_BAG.MDL
618=d:\sierra\half-life\existence\models\w_beretta.mdl
619=d:\sierra\half-life\existence\models\w_berettas.mdl
620=d:\sierra\half-life\existence\models\W_C4.MDL
621=d:\sierra\half-life\existence\models\W_DEAGLE.MDL
622=d:\sierra\half-life\existence\models\w_expgrenade.mdl
623=d:\sierra\half-life\existence\models\W_GATTLE.MDL
624=d:\sierra\half-life\existence\models\W_M16.MDL
625=d:\sierra\half-life\existence\models\w_microuzi.mdl
626=d:\sierra\half-life\existence\models\W_MP5.MDL
627=d:\sierra\half-life\existence\models\W_MP5A4.MDL
628=d:\sierra\half-life\existence\models\W_PSG1.MDL
629=d:\sierra\half-life\existence\models\W_SCORP.MDL
630=d:\sierra\half-life\existence\models\W_SKORP.MDL
631=d:\sierra\half-life\existence\models\w_skorpREAL.mdl
632=d:\sierra\half-life\existence\models\w_smokegrenade.mdl
633=d:\sierra\half-life\existence\models\W_SPAS12.MDL
634=d:\sierra\half-life\existence\models\W_SQUEAK.MDL
635=d:\sierra\half-life\existence\models\w_squeakt.mdl
636=d:\sierra\half-life\existence\models\W_STONER.MDL
637=d:\sierra\half-life\existence\models\w_stoner7scope.mdl
638=d:\sierra\half-life\existence\models\w_stoner7sil.mdl
639=d:\sierra\half-life\existence\models\W_USP.MDL
640=d:\sierra\half-life\existence\models\W_XM4.MDL
641=d:\sierra\half-life\existence\models\GameCfg.wc
642=d:\sierra\half-life\existence\models\super_being.mdl
643=d:\sierra\half-life\existence\media\launch_deny1.wav
644=d:\sierra\half-life\existence\media\launch_dnmenu1.wav
645=d:\sierra\half-life\existence\media\launch_glow1.wav
646=d:\sierra\half-life\existence\media\launch_select1.wav
647=d:\sierra\half-life\existence\media\launch_select2.wav
648=d:\sierra\half-life\existence\media\launch_upmenu1.wav
649=d:\sierra\half-life\existence\media\LOGO.AVI
650=d:\sierra\half-life\existence\gfx\ENV\chaoscitybk.bmp
651=d:\sierra\half-life\existence\gfx\ENV\chaoscitybk.pcx
652=d:\sierra\half-life\existence\gfx\ENV\chaoscitybk.tga
653=d:\sierra\half-life\existence\gfx\ENV\chaoscitydn.bmp
654=d:\sierra\half-life\existence\gfx\ENV\chaoscitydn.pcx
655=d:\sierra\half-life\existence\gfx\ENV\chaoscitydn.tga
656=d:\sierra\half-life\existence\gfx\ENV\chaoscityft.bmp
657=d:\sierra\half-life\existence\gfx\ENV\chaoscityft.pcx
658=d:\sierra\half-life\existence\gfx\ENV\chaoscityft.tga
659=d:\sierra\half-life\existence\gfx\ENV\chaoscitylf.bmp
660=d:\sierra\half-life\existence\gfx\ENV\chaoscitylf.pcx
661=d:\sierra\half-life\existence\gfx\ENV\chaoscitylf.tga
662=d:\sierra\half-life\existence\gfx\ENV\chaoscityrt.bmp
663=d:\sierra\half-life\existence\gfx\ENV\chaoscityrt.pcx
664=d:\sierra\half-life\existence\gfx\ENV\chaoscityrt.tga
665=d:\sierra\half-life\existence\gfx\ENV\chaoscityup.bmp
666=d:\sierra\half-life\existence\gfx\ENV\chaoscityup.pcx
667=d:\sierra\half-life\existence\gfx\ENV\chaoscityup.tga
668=d:\sierra\half-life\existence\gfx\ENV\exciitybk.bmp
669=d:\sierra\half-life\existence\gfx\ENV\exciitybk.tga
670=d:\sierra\half-life\existence\gfx\ENV\exciitydn.bmp
671=d:\sierra\half-life\existence\gfx\ENV\exciitydn.tga
672=d:\sierra\half-life\existence\gfx\ENV\exciityft.bmp
673=d:\sierra\half-life\existence\gfx\ENV\exciityft.tga
674=d:\sierra\half-life\existence\gfx\ENV\exciitylf.bmp
675=d:\sierra\half-life\existence\gfx\ENV\exciitylf.tga
676=d:\sierra\half-life\existence\gfx\ENV\exciityrt.bmp
677=d:\sierra\half-life\existence\gfx\ENV\exciityrt.tga
678=d:\sierra\half-life\existence\gfx\ENV\exciityup.bmp
679=d:\sierra\half-life\existence\gfx\ENV\exciityup.tga
680=d:\sierra\half-life\existence\gfx\ENV\EXCITYBK.TGA
681=d:\sierra\half-life\existence\gfx\ENV\EXCITYDN.TGA
682=d:\sierra\half-life\existence\gfx\ENV\EXCITYFT.TGA
683=d:\sierra\half-life\existence\gfx\ENV\EXCITYLF.TGA
684=d:\sierra\half-life\existence\gfx\ENV\EXCITYRT.TGA
685=d:\sierra\half-life\existence\gfx\ENV\EXCITYUP.TGA
686=d:\sierra\half-life\existence\gfx\ENV\exskydayft.tga
687=d:\sierra\half-life\existence\gfx\ENV\exskydayup.tga
688=d:\sierra\half-life\existence\gfx\ENV\exskydaydn.tga
689=d:\sierra\half-life\existence\gfx\ENV\exskydaybk.tga
690=d:\sierra\half-life\existence\gfx\ENV\exskydayrt.tga
691=d:\sierra\half-life\existence\gfx\ENV\exskydaylf.tga
692=d:\sierra\half-life\existence\gfx\SHELL\btns_main.bmp
693=d:\sierra\half-life\existence\gfx\SHELL\COLORS.LST
694=d:\sierra\half-life\existence\gfx\SHELL\DIVIDER.BMP
695=d:\sierra\half-life\existence\gfx\SHELL\head_advanced.bmp
696=d:\sierra\half-life\existence\gfx\SHELL\head_audio.bmp
697=d:\sierra\half-life\existence\gfx\SHELL\head_config.bmp
698=d:\sierra\half-life\existence\gfx\SHELL\head_controls.bmp
699=d:\sierra\half-life\existence\gfx\SHELL\head_creategame.bmp
700=d:\sierra\half-life\existence\gfx\SHELL\head_createroom.bmp
701=d:\sierra\half-life\existence\gfx\SHELL\head_customize.bmp
702=d:\sierra\half-life\existence\gfx\SHELL\head_filter.bmp
703=d:\sierra\half-life\existence\gfx\SHELL\head_gameopts.bmp
704=d:\sierra\half-life\existence\gfx\SHELL\head_gore.bmp
705=d:\sierra\half-life\existence\gfx\SHELL\head_inetgames.bmp
706=d:\sierra\half-life\existence\gfx\SHELL\head_keyboard.bmp
707=d:\sierra\half-life\existence\gfx\SHELL\HEAD_LAN.BMP
708=d:\sierra\half-life\existence\gfx\SHELL\head_load.bmp
709=d:\sierra\half-life\existence\gfx\SHELL\head_multi.bmp
710=d:\sierra\half-life\existence\gfx\SHELL\head_newgame.bmp
711=d:\sierra\half-life\existence\gfx\SHELL\head_readme.bmp
712=d:\sierra\half-life\existence\gfx\SHELL\head_room.bmp
713=d:\sierra\half-life\existence\gfx\SHELL\head_rooms.bmp
714=d:\sierra\half-life\existence\gfx\SHELL\head_save.bmp
715=d:\sierra\half-life\existence\gfx\SHELL\head_saveload.bmp
716=d:\sierra\half-life\existence\gfx\SHELL\head_single.bmp
717=d:\sierra\half-life\existence\gfx\SHELL\head_video.bmp
718=d:\sierra\half-life\existence\gfx\SHELL\head_vidmodes.bmp
719=d:\sierra\half-life\existence\gfx\SHELL\head_vidoptions.bmp
720=d:\sierra\half-life\existence\gfx\SHELL\KB_ACT.LST
721=d:\sierra\half-life\existence\gfx\SHELL\KB_DEF.LST
722=d:\sierra\half-life\existence\gfx\SHELL\KB_KEYS.LST
723=d:\sierra\half-life\existence\gfx\SHELL\SPLASH.BMP
724=d:\sierra\half-life\existence\gfx\SHELL\head_advoptions.bmp
725=d:\sierra\half-life\existence\gfx\SHELL\head_specgames.bmp
726=d:\sierra\half-life\existence\gfx\VGUI\640_AK47.TGA
727=d:\sierra\half-life\existence\gfx\VGUI\640_AWM.TGA
728=d:\sierra\half-life\existence\gfx\VGUI\640_backman.tga
729=d:\sierra\half-life\existence\gfx\VGUI\640_berretta.tga
730=d:\sierra\half-life\existence\gfx\VGUI\640_berrettas.tga
731=d:\sierra\half-life\existence\gfx\VGUI\640_clark.tga
732=d:\sierra\half-life\existence\gfx\VGUI\640_coombe.tga
733=d:\sierra\half-life\existence\gfx\VGUI\640_deserteagle.tga
734=d:\sierra\half-life\existence\gfx\VGUI\640_dualmp5k.tga
735=d:\sierra\half-life\existence\gfx\VGUI\640_dualscorpion.tga
736=d:\sierra\half-life\existence\gfx\VGUI\640_dualuzi.tga
737=d:\sierra\half-life\existence\gfx\VGUI\640_freeman.tga
738=d:\sierra\half-life\existence\gfx\VGUI\640_johnson.tga
739=d:\sierra\half-life\existence\gfx\VGUI\640_LEE.TGA
740=d:\sierra\half-life\existence\gfx\VGUI\640_LEED.TGA
741=d:\sierra\half-life\existence\gfx\VGUI\640_llamas.tga
742=d:\sierra\half-life\existence\gfx\VGUI\640_M16.TGA
743=d:\sierra\half-life\existence\gfx\VGUI\640_martel.tga
744=d:\sierra\half-life\existence\gfx\VGUI\640_meadows.tga
745=d:\sierra\half-life\existence\gfx\VGUI\640_mendez.tga
746=d:\sierra\half-life\existence\gfx\VGUI\640_minigun.tga
747=d:\sierra\half-life\existence\gfx\VGUI\640_miniuzi.tga
748=d:\sierra\half-life\existence\gfx\VGUI\640_mp5a4.tga
749=d:\sierra\half-life\existence\gfx\VGUI\640_preston.tga
750=d:\sierra\half-life\existence\gfx\VGUI\640_PSG1.TGA
751=d:\sierra\half-life\existence\gfx\VGUI\640_scordo.tga
752=d:\sierra\half-life\existence\gfx\VGUI\640_spas12.tga
753=d:\sierra\half-life\existence\gfx\VGUI\640_sr9mm.tga
754=d:\sierra\half-life\existence\gfx\VGUI\640_stoner.tga
755=d:\sierra\half-life\existence\gfx\VGUI\640_stoner9mm.tga
756=d:\sierra\half-life\existence\gfx\VGUI\640_stonerscope.tga
757=d:\sierra\half-life\existence\gfx\VGUI\640_stonersilencer.tga
758=d:\sierra\half-life\existence\gfx\VGUI\640_upgradevest.tga
759=d:\sierra\half-life\existence\gfx\VGUI\640_USP.TGA
760=d:\sierra\half-life\existence\gfx\VGUI\640_VEST.TGA
761=d:\sierra\half-life\existence\gfx\VGUI\640_white.tga
762=d:\sierra\half-life\existence\gfx\VGUI\640_XM4.TGA
763=d:\sierra\half-life\existence\dlls\existence.dll
764=d:\sierra\half-life\existence\manual\hud.html
765=d:\sierra\half-life\existence\manual\game.html
766=d:\sierra\half-life\existence\manual\maps.html
767=d:\sierra\half-life\existence\manual\index.html
768=d:\sierra\half-life\existence\manual\images\title.jpg
769=d:\sierra\half-life\existence\manual\images\hud00.jpg
770=d:\sierra\half-life\existence\manual\images\hud02.jpg
771=d:\sierra\half-life\existence\manual\images\hud01.jpg
772=d:\sierra\half-life\existence\manual\images\bombico.gif
773=d:\sierra\half-life\existence\manual\images\bleeding.jpg
774=d:\sierra\half-life\existence\manual\images\swatciv.jpg
775=d:\sierra\half-life\existence\manual\images\rebelagent.jpg
776=d:\sierra\half-life\existence\manual\images\buyarmour.jpg
777=d:\sierra\half-life\existence\manual\images\buyak.jpg
778=d:\sierra\half-life\existence\manual\images\streetciv.jpg
779=d:\sierra\half-life\existence\manual\images\hardline00.jpg
780=d:\sierra\half-life\existence\manual\images\hardline02.jpg
781=d:\sierra\half-life\existence\manual\images\hardline01.jpg
782=d:\sierra\half-life\existence\manual\images\hardline03.jpg
783=d:\sierra\half-life\existence\manual\images\hardline04.jpg
784=d:\sierra\half-life\existence\manual\images\hardline05.jpg
785=d:\sierra\half-life\existence\manual\images\highway00.jpg
786=d:\sierra\half-life\existence\manual\images\highway01.jpg
787=d:\sierra\half-life\existence\manual\images\highway02.jpg
788=d:\sierra\half-life\existence\manual\images\highway03.jpg
789=d:\sierra\half-life\existence\manual\images\highway04.jpg
790=d:\sierra\half-life\existence\manual\images\highway05.jpg
791=d:\sierra\half-life\existence\manual\images\blackout00.jpg
792=d:\sierra\half-life\existence\manual\images\blackout01.jpg
793=d:\sierra\half-life\existence\manual\images\blackout02.jpg
794=d:\sierra\half-life\existence\manual\images\blackout03.jpg
795=d:\sierra\half-life\existence\manual\images\blackout04.jpg
796=d:\sierra\half-life\existence\manual\images\blackout05.jpg
797=d:\sierra\half-life\existence\manual\cvars.html
798=d:\sierra\half-life\existence\manual\play.html
799=d:\sierra\half-life\Existence - A Half-Life Modification.url
800=C:\Documents and Settings\All Users\Главное меню\Программы\Existence Beta 1.4\Existence - A Half-Life Modification.lnk
801=C:\Documents and Settings\All Users\Главное меню\Программы\Existence Beta 1.4\Play EX.lnk
802=C:\Documents and Settings\All Users\Главное меню\Программы\Existence Beta 1.4\Existence Beta 1.4 Manual.lnk
803=C:\Documents and Settings\All Users\Главное меню\Программы\Existence Beta 1.4\Remove Existence Beta 1.4.lnk
[Shortcuts]
0=C:\DOCUME~1\User\0016~1\EXISTE~1.LNK
1=C:\DOCUME~1\User\0016~1\EXISTE~2.LNK
[Strings]
IDS_STRING1=Are you sure you want to completely remove the selected application and all of its components?
IDS_STRING2=Confirm File Deletion
IDS_STRING3=The system indicates that the following shared file is no longer used by any programs.
IDS_STRING4=Remove Shared File?
IDS_STRING5=Uninstall successfully completed.
IDS_STRING6=Uninstall
IDS_STRING7=If any programs are still using this file and it is removed, those programs may not function. Are you sure you want to remove the shared file?
IDS_STRING8=Uninstall was partially successful.
IDS_ADMINPRIVILEGESNEEDED=Administrative privileges are needed to uninstall this software.
IDS_YES=&Yes
IDS_NO=&No
IDS_YESTOALL=Yes to &All
IDS_REMOVINGFILE=Removing File:
